<?xml version="1.0" encoding="UTF-8"?>
<testsuite name="Tests" tests="1" skipped="0" failures="0" errors="0" timestamp="2022-03-06T09:30:29" hostname="VALENTINs-MacBook-Pro.local" time="0.081">
  <properties/>
  <testcase name="start" classname="Tests" time="0.081"/>
  <system-out><![CDATA[?[1;31m
Start test 1?[0m
Hello! My name is VoR.
]]></system-out>
  <system-err><![CDATA[]]></system-err>
</testsuite>
